<?xml version="1.0" encoding="UTF-8" ?>
<testsuite failures="0" time="0" errors="1" skipped="0" tests="1" name="demon.springframework.web.test.SimpleUrlHandlerMappingTest">
  <properties>
[...]
</properties>
  <testcase time="0" classname="demon.springframework.web.test.SimpleUrlHandlerMappingTest" name="test">
    <error message="No bean named urlMapping is defined" type="java.lang.IllegalArgumentException">java.lang.IllegalArgumentException: No bean named urlMapping is defined
	at demon.springframework.beans.factory.AbstractBeanFactory.getBean(AbstractBeanFactory.java:33)
	at demon.springframework.context.support.AbstractApplicationContext.getBean(AbstractApplicationContext.java:57)
	at demon.springframework.web.test.SimpleUrlHandlerMappingTest.test(SimpleUrlHandlerMappingTest.java:21)
	at sun.reflect.NativeMethodAccessorImpl.invoke0(Native Method)
	at sun.reflect.NativeMethodAccessorImpl.invoke(NativeMethodAccessorImpl.java:57)
	at sun.reflect.DelegatingMethodAccessorImpl.invoke(DelegatingMethodAccessorImpl.java:43)
	at java.lang.reflect.Method.invoke(Method.java:606)
	at org.junit.runners.model.FrameworkMethod$1.runReflectiveCall(FrameworkMethod.java:44)
	at org.junit.internal.runners.model.ReflectiveCallable.run(ReflectiveCallable.java:15)
	at org.junit.runners.model.FrameworkMethod.invokeExplosively(FrameworkMethod.java:41)
	at org.junit.internal.runners.statements.InvokeMethod.evaluate(InvokeMethod.java:20)
	at org.junit.runners.BlockJUnit4ClassRunner.runChild(BlockJUnit4ClassRunner.java:76)
	at org.junit.runners.BlockJUnit4ClassRunner.runChild(BlockJUnit4ClassRunner.java:50)
	at org.junit.runners.ParentRunner$3.run(ParentRunner.java:193)
	at org.junit.runners.ParentRunner$1.schedule(ParentRunner.java:52)
	at org.junit.runners.ParentRunner.runChildren(ParentRunner.java:191)
	at org.junit.runners.ParentRunner.access$000(ParentRunner.java:42)
	at org.junit.runners.ParentRunner$2.evaluate(ParentRunner.java:184)
	at org.junit.runners.ParentRunner.run(ParentRunner.java:236)
	at org.apache.maven.surefire.junit4.JUnit4Provider.execute(JUnit4Provider.java:252)
	at org.apache.maven.surefire.junit4.JUnit4Provider.executeTestSet(JUnit4Provider.java:141)
	at org.apache.maven.surefire.junit4.JUnit4Provider.invoke(JUnit4Provider.java:112)
	at sun.reflect.NativeMethodAccessorImpl.invoke0(Native Method)
	at sun.reflect.NativeMethodAccessorImpl.invoke(NativeMethodAccessorImpl.java:57)
	at sun.reflect.DelegatingMethodAccessorImpl.invoke(DelegatingMethodAccessorImpl.java:43)
	at java.lang.reflect.Method.invoke(Method.java:606)
	at org.apache.maven.surefire.util.ReflectionUtils.invokeMethodWithArray(ReflectionUtils.java:189)
	at org.apache.maven.surefire.booter.ProviderFactory$ProviderProxy.invoke(ProviderFactory.java:165)
	at org.apache.maven.surefire.booter.ProviderFactory.invokeProvider(ProviderFactory.java:85)
	at org.apache.maven.surefire.booter.ForkedBooter.runSuitesInProcess(ForkedBooter.java:115)
	at org.apache.maven.surefire.booter.ForkedBooter.main(ForkedBooter.java:75)
</error>
    <system-out>[Ljava.lang.Class;@5a3884c0
D:\dev\studySpace\tiny-spring-webmvc\target\test-classes;D:\dev\studySpace\tiny-spring-webmvc\target\classes;D:\Users\demon.song\.m2\repository\org\glassfish\javax.servlet\3.1.1\javax.servlet-3.1.1.jar;D:\Users\demon.song\.m2\repository\aopalliance\aopalliance\1.0\aopalliance-1.0.jar;D:\Users\demon.song\.m2\repository\org\aspectj\aspectjweaver\1.6.11\aspectjweaver-1.6.11.jar;D:\Users\demon.song\.m2\repository\cglib\cglib-nodep\2.1_3\cglib-nodep-2.1_3.jar;D:\Users\demon.song\.m2\repository\org\springframework\spring-core\3.0.7.RELEASE\spring-core-3.0.7.RELEASE.jar;D:\Users\demon.song\.m2\repository\org\springframework\spring-asm\3.0.7.RELEASE\spring-asm-3.0.7.RELEASE.jar;D:\Users\demon.song\.m2\repository\commons-logging\commons-logging\1.1.1\commons-logging-1.1.1.jar;D:\Users\demon.song\.m2\repository\org\springframework\spring-web\3.0.7.RELEASE\spring-web-3.0.7.RELEASE.jar;D:\Users\demon.song\.m2\repository\org\springframework\spring-beans\3.0.7.RELEASE\spring-beans-3.0.7.RELEASE.jar;D:\Users\demon.song\.m2\repository\org\springframework\spring-context\3.0.7.RELEASE\spring-context-3.0.7.RELEASE.jar;D:\Users\demon.song\.m2\repository\org\springframework\spring-aop\3.0.7.RELEASE\spring-aop-3.0.7.RELEASE.jar;D:\Users\demon.song\.m2\repository\org\springframework\spring-webmvc\3.0.7.RELEASE\spring-webmvc-3.0.7.RELEASE.jar;D:\Users\demon.song\.m2\repository\org\springframework\spring-context-support\3.0.7.RELEASE\spring-context-support-3.0.7.RELEASE.jar;D:\Users\demon.song\.m2\repository\org\springframework\spring-expression\3.0.7.RELEASE\spring-expression-3.0.7.RELEASE.jar;D:\Users\demon.song\.m2\repository\org\codehaus\jackson\jackson-mapper-asl\1.7.1\jackson-mapper-asl-1.7.1.jar;D:\Users\demon.song\.m2\repository\org\codehaus\jackson\jackson-core-asl\1.7.1\jackson-core-asl-1.7.1.jar;D:\Users\demon.song\.m2\repository\junit\junit\4.7\junit-4.7.jar;
����˵,����һ������,�����������������,����ʹ����applicationContextAware�ӿڵ�bean���ᣬ�ص�setApplicationcontext�ķ���
����˵,����һ������,�����������������,����ʹ����applicationContextAware�ӿڵ�bean���ᣬ�ص�setApplicationcontext�ķ���
����˵,����һ������,�����������������,����ʹ����applicationContextAware�ӿڵ�bean���ᣬ�ص�setApplicationcontext�ķ���
����˵,����һ������,�����������������,����ʹ����applicationContextAware�ӿڵ�bean���ᣬ�ص�setApplicationcontext�ķ���
����˵,����һ������,�����������������,����ʹ����applicationContextAware�ӿڵ�bean���ᣬ�ص�setApplicationcontext�ķ���
����˵,����һ������,�����������������,����ʹ����applicationContextAware�ӿڵ�bean���ᣬ�ص�setApplicationcontext�ķ���
</system-out>
  </testcase>
</testsuite>